2018-01-25 15:42:30,956 INFO: app create. BASE_DIR=/home/kaik/Desktop/tigereye/tigereye/configs/../..
2018-01-25 15:50:50,652 INFO: app create. BASE_DIR=/home/kaik/Desktop/tigereye/tigereye/configs/../..
2018-01-25 15:57:13,645 INFO: app create. BASE_DIR=/home/kaik/Desktop/tigereye/tigereye/configs/../..
2018-01-25 16:02:18,149 INFO: app create. BASE_DIR=/home/kaik/Desktop/tigereye/tigereye/configs/../..
2018-01-25 16:02:18,237 INFO: app create. BASE_DIR=/home/kaik/Desktop/tigereye/tigereye/configs/../..
2018-01-25 16:19:53,568 INFO: app create. BASE_DIR=/home/kaik/Desktop/tigereye/tigereye/configs/../..
2018-01-25 16:19:53,610 INFO: app create. BASE_DIR=/home/kaik/Desktop/tigereye/tigereye/configs/../..
2018-01-25 16:19:53,775 INFO: app create. BASE_DIR=/home/kaik/Desktop/tigereye/tigereye/configs/../..
2018-01-25 16:19:53,877 INFO: app create. BASE_DIR=/home/kaik/Desktop/tigereye/tigereye/configs/../..
2018-01-25 16:40:54,944 INFO: app create. BASE_DIR=/home/kaik/Desktop/tigereye/tigereye/configs/../..
2018-01-25 16:45:21,530 INFO: app create. BASE_DIR=/home/kaik/Desktop/tigereye/tigereye/configs/../..
2018-01-25 16:45:38,322 ERROR: Exception on /misc/error/ [GET]
Traceback (most recent call last):
  File "/home/kaik/Desktop/tigereye/env/lib/python3.5/site-packages/flask/app.py", line 1982, in wsgi_app
    response = self.full_dispatch_request()
  File "/home/kaik/Desktop/tigereye/env/lib/python3.5/site-packages/flask/app.py", line 1614, in full_dispatch_request
    rv = self.handle_user_exception(e)
  File "/home/kaik/Desktop/tigereye/env/lib/python3.5/site-packages/flask/app.py", line 1517, in handle_user_exception
    reraise(exc_type, exc_value, tb)
  File "/home/kaik/Desktop/tigereye/env/lib/python3.5/site-packages/flask/_compat.py", line 33, in reraise
    raise value
  File "/home/kaik/Desktop/tigereye/env/lib/python3.5/site-packages/flask/app.py", line 1612, in full_dispatch_request
    rv = self.dispatch_request()
  File "/home/kaik/Desktop/tigereye/env/lib/python3.5/site-packages/flask/app.py", line 1598, in dispatch_request
    return self.view_functions[rule.endpoint](**req.view_args)
  File "/home/kaik/Desktop/tigereye/tigereye/api/__init__.py", line 44, in proxy
    response = view(**request.view_args)
  File "/home/kaik/Desktop/tigereye/tigereye/api/misc.py", line 10, in error
    1 / 0
ZeroDivisionError: division by zero
